{"E:\\project\\js\\TestProject\\src\\assets\\icons\\arrow.svg": {"path":"E:\\project\\js\\TestProject\\src\\assets\\icons\\arrow.svg","statementMap":{"0":{"start":{"line":2,"column":14},"end":{"line":2,"column":30}},"1":{"start":{"line":4,"column":2},"end":{"line":7,"column":4}},"2":{"start":{"line":9,"column":0},"end":{"line":9,"column":26}}},"fnMap":{"0":{"name":"SvgArrow","decl":{"start":{"line":3,"column":9},"end":{"line":3,"column":17}},"loc":{"start":{"line":3,"column":25},"end":{"line":8,"column":1}},"line":3}},"branchMap":{},"s":{"0":1,"1":0,"2":1},"f":{"0":0},"b":{},"inputSourceMap":null,"_coverageSchema":"1a1c01bbd47fc00a2c39e90264f33305004495a9","hash":"dc784ebf7c18373b14bd7c284978eb80036cbcd6"}
,"E:\\project\\js\\TestProject\\src\\assets\\icons\\cross.svg": {"path":"E:\\project\\js\\TestProject\\src\\assets\\icons\\cross.svg","statementMap":{"0":{"start":{"line":2,"column":14},"end":{"line":2,"column":30}},"1":{"start":{"line":4,"column":2},"end":{"line":7,"column":4}},"2":{"start":{"line":9,"column":0},"end":{"line":9,"column":26}}},"fnMap":{"0":{"name":"SvgCross","decl":{"start":{"line":3,"column":9},"end":{"line":3,"column":17}},"loc":{"start":{"line":3,"column":25},"end":{"line":8,"column":1}},"line":3}},"branchMap":{},"s":{"0":1,"1":1,"2":1},"f":{"0":1},"b":{},"inputSourceMap":null,"_coverageSchema":"1a1c01bbd47fc00a2c39e90264f33305004495a9","hash":"5f4e3dc1a1b1fce03e3c6c9c899cb4ac5bd00307"}
,"E:\\project\\js\\TestProject\\src\\assets\\icons\\grid.svg": {"path":"E:\\project\\js\\TestProject\\src\\assets\\icons\\grid.svg","statementMap":{"0":{"start":{"line":2,"column":14},"end":{"line":2,"column":30}},"1":{"start":{"line":4,"column":2},"end":{"line":7,"column":4}},"2":{"start":{"line":9,"column":0},"end":{"line":9,"column":25}}},"fnMap":{"0":{"name":"SvgGrid","decl":{"start":{"line":3,"column":9},"end":{"line":3,"column":16}},"loc":{"start":{"line":3,"column":24},"end":{"line":8,"column":1}},"line":3}},"branchMap":{},"s":{"0":1,"1":0,"2":1},"f":{"0":0},"b":{},"inputSourceMap":null,"_coverageSchema":"1a1c01bbd47fc00a2c39e90264f33305004495a9","hash":"da374e479d5488ae92032af24dd92d0aabe22cfe"}
,"E:\\project\\js\\TestProject\\src\\assets\\icons\\list.svg": {"path":"E:\\project\\js\\TestProject\\src\\assets\\icons\\list.svg","statementMap":{"0":{"start":{"line":2,"column":14},"end":{"line":2,"column":30}},"1":{"start":{"line":4,"column":2},"end":{"line":7,"column":4}},"2":{"start":{"line":9,"column":0},"end":{"line":9,"column":25}}},"fnMap":{"0":{"name":"SvgList","decl":{"start":{"line":3,"column":9},"end":{"line":3,"column":16}},"loc":{"start":{"line":3,"column":24},"end":{"line":8,"column":1}},"line":3}},"branchMap":{},"s":{"0":1,"1":0,"2":1},"f":{"0":0},"b":{},"inputSourceMap":null,"_coverageSchema":"1a1c01bbd47fc00a2c39e90264f33305004495a9","hash":"e178463660dc497a5019ddac886c4b43130106ae"}
,"E:\\project\\js\\TestProject\\src\\assets\\icons\\play.svg": {"path":"E:\\project\\js\\TestProject\\src\\assets\\icons\\play.svg","statementMap":{"0":{"start":{"line":2,"column":14},"end":{"line":2,"column":30}},"1":{"start":{"line":4,"column":2},"end":{"line":7,"column":4}},"2":{"start":{"line":9,"column":0},"end":{"line":9,"column":25}}},"fnMap":{"0":{"name":"SvgPlay","decl":{"start":{"line":3,"column":9},"end":{"line":3,"column":16}},"loc":{"start":{"line":3,"column":24},"end":{"line":8,"column":1}},"line":3}},"branchMap":{},"s":{"0":1,"1":0,"2":1},"f":{"0":0},"b":{},"inputSourceMap":null,"_coverageSchema":"1a1c01bbd47fc00a2c39e90264f33305004495a9","hash":"385d0851ac21fab4895d53f3168c001c949296b4"}
,"E:\\project\\js\\TestProject\\src\\assets\\icons\\star.svg": {"path":"E:\\project\\js\\TestProject\\src\\assets\\icons\\star.svg","statementMap":{"0":{"start":{"line":2,"column":14},"end":{"line":2,"column":30}},"1":{"start":{"line":4,"column":2},"end":{"line":7,"column":4}},"2":{"start":{"line":9,"column":0},"end":{"line":9,"column":25}}},"fnMap":{"0":{"name":"SvgStar","decl":{"start":{"line":3,"column":9},"end":{"line":3,"column":16}},"loc":{"start":{"line":3,"column":24},"end":{"line":8,"column":1}},"line":3}},"branchMap":{},"s":{"0":1,"1":1,"2":1},"f":{"0":1},"b":{},"inputSourceMap":null,"_coverageSchema":"1a1c01bbd47fc00a2c39e90264f33305004495a9","hash":"01cdf826b58e20f45086366000aeab2ccaa2bc13"}
,"E:\\project\\js\\TestProject\\src\\components\\BarItem\\BarItem.jsx": {"path":"E:\\project\\js\\TestProject\\src\\components\\BarItem\\BarItem.jsx","statementMap":{"0":{"start":{"line":5,"column":16},"end":{"line":30,"column":1}},"1":{"start":{"line":12,"column":22},"end":{"line":12,"column":39}},"2":{"start":{"line":14,"column":2},"end":{"line":29,"column":4}},"3":{"start":{"line":23,"column":23},"end":{"line":23,"column":38}},"4":{"start":{"line":32,"column":0},"end":{"line":37,"column":2}},"5":{"start":{"line":39,"column":0},"end":{"line":39,"column":26}}},"fnMap":{"0":{"name":"(anonymous_0)","decl":{"start":{"line":5,"column":16},"end":{"line":5,"column":17}},"loc":{"start":{"line":11,"column":6},"end":{"line":30,"column":1}},"line":11},"1":{"name":"(anonymous_1)","decl":{"start":{"line":23,"column":17},"end":{"line":23,"column":18}},"loc":{"start":{"line":23,"column":23},"end":{"line":23,"column":38}},"line":23}},"branchMap":{},"s":{"0":2,"1":0,"2":0,"3":0,"4":2,"5":2},"f":{"0":0,"1":0},"b":{},"_coverageSchema":"1a1c01bbd47fc00a2c39e90264f33305004495a9","hash":"1ab5c4ed66cfbf06e75a015b6b61163d61715c83"}
,"E:\\project\\js\\TestProject\\src\\components\\BarItem\\index.js": {"path":"E:\\project\\js\\TestProject\\src\\components\\BarItem\\index.js","statementMap":{},"fnMap":{},"branchMap":{},"s":{},"f":{},"b":{},"_coverageSchema":"1a1c01bbd47fc00a2c39e90264f33305004495a9","hash":"584df392d886468d8ab2eca2bf2416521bd66a5c"}
,"E:\\project\\js\\TestProject\\src\\components\\Button\\Button.jsx": {"path":"E:\\project\\js\\TestProject\\src\\components\\Button\\Button.jsx","statementMap":{"0":{"start":{"line":7,"column":15},"end":{"line":31,"column":1}},"1":{"start":{"line":15,"column":18},"end":{"line":20,"column":3}},"2":{"start":{"line":22,"column":2},"end":{"line":30,"column":4}},"3":{"start":{"line":33,"column":0},"end":{"line":39,"column":2}},"4":{"start":{"line":41,"column":0},"end":{"line":43,"column":2}}},"fnMap":{"0":{"name":"(anonymous_0)","decl":{"start":{"line":7,"column":15},"end":{"line":7,"column":16}},"loc":{"start":{"line":14,"column":6},"end":{"line":31,"column":1}},"line":14}},"branchMap":{},"s":{"0":2,"1":2,"2":2,"3":2,"4":2},"f":{"0":2},"b":{},"_coverageSchema":"1a1c01bbd47fc00a2c39e90264f33305004495a9","hash":"6344b7821016da1648862fba338135b4c05edd97"}
,"E:\\project\\js\\TestProject\\src\\components\\Button\\index.js": {"path":"E:\\project\\js\\TestProject\\src\\components\\Button\\index.js","statementMap":{},"fnMap":{},"branchMap":{},"s":{},"f":{},"b":{},"_coverageSchema":"1a1c01bbd47fc00a2c39e90264f33305004495a9","hash":"2772d9e30a27ca0488a1bea052c8d726ae95ce71"}
,"E:\\project\\js\\TestProject\\src\\components\\Genres\\Genres.jsx": {"path":"E:\\project\\js\\TestProject\\src\\components\\Genres\\Genres.jsx","statementMap":{"0":{"start":{"line":8,"column":15},"end":{"line":26,"column":1}},"1":{"start":{"line":11,"column":4},"end":{"line":24,"column":10}},"2":{"start":{"line":17,"column":8},"end":{"line":21,"column":21}},"3":{"start":{"line":28,"column":0},"end":{"line":30,"column":2}},"4":{"start":{"line":32,"column":0},"end":{"line":32,"column":25}}},"fnMap":{"0":{"name":"(anonymous_0)","decl":{"start":{"line":8,"column":15},"end":{"line":8,"column":16}},"loc":{"start":{"line":11,"column":4},"end":{"line":24,"column":10}},"line":11},"1":{"name":"(anonymous_1)","decl":{"start":{"line":16,"column":8},"end":{"line":16,"column":9}},"loc":{"start":{"line":17,"column":8},"end":{"line":21,"column":21}},"line":17}},"branchMap":{},"s":{"0":2,"1":1,"2":1,"3":2,"4":2},"f":{"0":1,"1":1},"b":{},"_coverageSchema":"1a1c01bbd47fc00a2c39e90264f33305004495a9","hash":"73158b379f4b6ed94848e4aca1a0b9622944cb41"}
,"E:\\project\\js\\TestProject\\src\\components\\Genres\\index.js": {"path":"E:\\project\\js\\TestProject\\src\\components\\Genres\\index.js","statementMap":{},"fnMap":{},"branchMap":{},"s":{},"f":{},"b":{},"_coverageSchema":"1a1c01bbd47fc00a2c39e90264f33305004495a9","hash":"f57e273f3c2e2730a9cee9e55ed570b5d5d47662"}
,"E:\\project\\js\\TestProject\\src\\components\\Icon\\Icon.jsx": {"path":"E:\\project\\js\\TestProject\\src\\components\\Icon\\Icon.jsx","statementMap":{"0":{"start":{"line":14,"column":14},"end":{"line":21,"column":1}},"1":{"start":{"line":23,"column":13},"end":{"line":39,"column":1}},"2":{"start":{"line":29,"column":18},"end":{"line":29,"column":52}},"3":{"start":{"line":30,"column":20},"end":{"line":30,"column":45}},"4":{"start":{"line":32,"column":2},"end":{"line":38,"column":4}},"5":{"start":{"line":41,"column":0},"end":{"line":45,"column":2}},"6":{"start":{"line":47,"column":0},"end":{"line":49,"column":2}}},"fnMap":{"0":{"name":"(anonymous_0)","decl":{"start":{"line":23,"column":13},"end":{"line":23,"column":14}},"loc":{"start":{"line":28,"column":6},"end":{"line":39,"column":1}},"line":28}},"branchMap":{},"s":{"0":1,"1":1,"2":2,"3":2,"4":2,"5":1,"6":1},"f":{"0":2},"b":{},"_coverageSchema":"1a1c01bbd47fc00a2c39e90264f33305004495a9","hash":"cb532ec5e4dbd8701784e49f475ea1a77e31d588"}
,"E:\\project\\js\\TestProject\\src\\components\\Image\\Image.jsx": {"path":"E:\\project\\js\\TestProject\\src\\components\\Image\\Image.jsx","statementMap":{"0":{"start":{"line":7,"column":14},"end":{"line":19,"column":1}},"1":{"start":{"line":11,"column":18},"end":{"line":11,"column":53}},"2":{"start":{"line":13,"column":2},"end":{"line":18,"column":4}},"3":{"start":{"line":21,"column":0},"end":{"line":24,"column":2}},"4":{"start":{"line":26,"column":0},"end":{"line":26,"column":24}}},"fnMap":{"0":{"name":"(anonymous_0)","decl":{"start":{"line":7,"column":14},"end":{"line":7,"column":15}},"loc":{"start":{"line":10,"column":6},"end":{"line":19,"column":1}},"line":10}},"branchMap":{},"s":{"0":1,"1":2,"2":2,"3":1,"4":1},"f":{"0":2},"b":{},"_coverageSchema":"1a1c01bbd47fc00a2c39e90264f33305004495a9","hash":"693a5847cd4f20aaf61eabeede2510bb2f23e918"}
,"E:\\project\\js\\TestProject\\src\\components\\Input\\Input.jsx": {"path":"E:\\project\\js\\TestProject\\src\\components\\Input\\Input.jsx","statementMap":{"0":{"start":{"line":7,"column":14},"end":{"line":23,"column":1}},"1":{"start":{"line":13,"column":18},"end":{"line":13,"column":59}},"2":{"start":{"line":15,"column":2},"end":{"line":22,"column":4}},"3":{"start":{"line":25,"column":0},"end":{"line":30,"column":2}},"4":{"start":{"line":32,"column":0},"end":{"line":34,"column":2}}},"fnMap":{"0":{"name":"(anonymous_0)","decl":{"start":{"line":7,"column":14},"end":{"line":7,"column":15}},"loc":{"start":{"line":12,"column":6},"end":{"line":23,"column":1}},"line":12}},"branchMap":{},"s":{"0":3,"1":3,"2":3,"3":3,"4":3},"f":{"0":3},"b":{},"_coverageSchema":"1a1c01bbd47fc00a2c39e90264f33305004495a9","hash":"1ca66289f633a17e92fa90b3bd300576a38bf38a"}
,"E:\\project\\js\\TestProject\\src\\components\\Input\\index.js": {"path":"E:\\project\\js\\TestProject\\src\\components\\Input\\index.js","statementMap":{},"fnMap":{},"branchMap":{},"s":{},"f":{},"b":{},"_coverageSchema":"1a1c01bbd47fc00a2c39e90264f33305004495a9","hash":"01f8ab59919a492feaa8c91494893a0ab5fd682b"}
,"E:\\project\\js\\TestProject\\src\\components\\List\\List.jsx": {"path":"E:\\project\\js\\TestProject\\src\\components\\List\\List.jsx","statementMap":{"0":{"start":{"line":7,"column":13},"end":{"line":34,"column":1}},"1":{"start":{"line":15,"column":18},"end":{"line":15,"column":88}},"2":{"start":{"line":16,"column":15},"end":{"line":16,"column":36}},"3":{"start":{"line":18,"column":2},"end":{"line":33,"column":4}},"4":{"start":{"line":21,"column":23},"end":{"line":21,"column":27}},"5":{"start":{"line":23,"column":8},"end":{"line":30,"column":10}},"6":{"start":{"line":36,"column":0},"end":{"line":47,"column":2}},"7":{"start":{"line":49,"column":0},"end":{"line":52,"column":2}}},"fnMap":{"0":{"name":"(anonymous_0)","decl":{"start":{"line":7,"column":13},"end":{"line":7,"column":14}},"loc":{"start":{"line":14,"column":6},"end":{"line":34,"column":1}},"line":14},"1":{"name":"(anonymous_1)","decl":{"start":{"line":20,"column":16},"end":{"line":20,"column":17}},"loc":{"start":{"line":20,"column":33},"end":{"line":31,"column":7}},"line":20}},"branchMap":{"0":{"loc":{"start":{"line":16,"column":15},"end":{"line":16,"column":36}},"type":"cond-expr","locations":[{"start":{"line":16,"column":25},"end":{"line":16,"column":29}},{"start":{"line":16,"column":32},"end":{"line":16,"column":36}}],"line":16},"1":{"loc":{"start":{"line":25,"column":17},"end":{"line":25,"column":28}},"type":"binary-expr","locations":[{"start":{"line":25,"column":17},"end":{"line":25,"column":19}},{"start":{"line":25,"column":23},"end":{"line":25,"column":28}}],"line":25}},"s":{"0":3,"1":3,"2":3,"3":3,"4":3,"5":3,"6":3,"7":3},"f":{"0":3,"1":3},"b":{"0":[1,2],"1":[3,1]},"_coverageSchema":"1a1c01bbd47fc00a2c39e90264f33305004495a9","hash":"ce4a1f6739f1f581a006f252a349c4804649ad8b"}
,"E:\\project\\js\\TestProject\\src\\components\\List\\index.js": {"path":"E:\\project\\js\\TestProject\\src\\components\\List\\index.js","statementMap":{},"fnMap":{},"branchMap":{},"s":{},"f":{},"b":{},"_coverageSchema":"1a1c01bbd47fc00a2c39e90264f33305004495a9","hash":"de0274c07328fe968d83a6fcd4e6365fbae7ea7d"}
,"E:\\project\\js\\TestProject\\src\\components\\Portal\\Portal.jsx": {"path":"E:\\project\\js\\TestProject\\src\\components\\Portal\\Portal.jsx","statementMap":{"0":{"start":{"line":6,"column":22},"end":{"line":6,"column":55}},"1":{"start":{"line":8,"column":15},"end":{"line":10,"column":52}},"2":{"start":{"line":10,"column":6},"end":{"line":10,"column":52}},"3":{"start":{"line":12,"column":0},"end":{"line":14,"column":2}},"4":{"start":{"line":16,"column":0},"end":{"line":16,"column":25}}},"fnMap":{"0":{"name":"(anonymous_0)","decl":{"start":{"line":8,"column":15},"end":{"line":8,"column":16}},"loc":{"start":{"line":10,"column":6},"end":{"line":10,"column":52}},"line":10}},"branchMap":{},"s":{"0":1,"1":1,"2":1,"3":1,"4":1},"f":{"0":1},"b":{},"_coverageSchema":"1a1c01bbd47fc00a2c39e90264f33305004495a9","hash":"f02041436a0d09afe9afd0ebc3c7c0b5ed88fe68"}
,"E:\\project\\js\\TestProject\\src\\components\\Rating\\Rating.jsx": {"path":"E:\\project\\js\\TestProject\\src\\components\\Rating\\Rating.jsx","statementMap":{"0":{"start":{"line":7,"column":15},"end":{"line":31,"column":1}},"1":{"start":{"line":11,"column":26},"end":{"line":11,"column":48}},"2":{"start":{"line":12,"column":22},"end":{"line":19,"column":5}},"3":{"start":{"line":12,"column":29},"end":{"line":19,"column":4}},"4":{"start":{"line":13,"column":6},"end":{"line":18,"column":8}},"5":{"start":{"line":21,"column":2},"end":{"line":30,"column":4}},"6":{"start":{"line":33,"column":0},"end":{"line":36,"column":2}},"7":{"start":{"line":38,"column":0},"end":{"line":38,"column":25}}},"fnMap":{"0":{"name":"(anonymous_0)","decl":{"start":{"line":7,"column":15},"end":{"line":7,"column":16}},"loc":{"start":{"line":10,"column":6},"end":{"line":31,"column":1}},"line":10},"1":{"name":"(anonymous_1)","decl":{"start":{"line":12,"column":22},"end":{"line":12,"column":23}},"loc":{"start":{"line":12,"column":29},"end":{"line":19,"column":4}},"line":12},"2":{"name":"(anonymous_2)","decl":{"start":{"line":12,"column":55},"end":{"line":12,"column":56}},"loc":{"start":{"line":13,"column":6},"end":{"line":18,"column":8}},"line":13}},"branchMap":{},"s":{"0":2,"1":1,"2":1,"3":1,"4":5,"5":1,"6":2,"7":2},"f":{"0":1,"1":1,"2":5},"b":{},"_coverageSchema":"1a1c01bbd47fc00a2c39e90264f33305004495a9","hash":"bcbc9b1ea0f62b9a4249abfff225d2758841e30a"}
,"E:\\project\\js\\TestProject\\src\\components\\Rating\\index.js": {"path":"E:\\project\\js\\TestProject\\src\\components\\Rating\\index.js","statementMap":{},"fnMap":{},"branchMap":{},"s":{},"f":{},"b":{},"_coverageSchema":"1a1c01bbd47fc00a2c39e90264f33305004495a9","hash":"c5eef4464d69167bd52d95441be24289b8f99250"}
,"E:\\project\\js\\TestProject\\src\\components\\Slide\\Slide.jsx": {"path":"E:\\project\\js\\TestProject\\src\\components\\Slide\\Slide.jsx","statementMap":{"0":{"start":{"line":11,"column":14},"end":{"line":54,"column":1}},"1":{"start":{"line":20,"column":15},"end":{"line":20,"column":38}},"2":{"start":{"line":21,"column":19},"end":{"line":21,"column":41}},"3":{"start":{"line":23,"column":2},"end":{"line":53,"column":4}},"4":{"start":{"line":55,"column":0},"end":{"line":63,"column":2}},"5":{"start":{"line":65,"column":0},"end":{"line":71,"column":2}}},"fnMap":{"0":{"name":"(anonymous_0)","decl":{"start":{"line":11,"column":14},"end":{"line":11,"column":15}},"loc":{"start":{"line":19,"column":6},"end":{"line":54,"column":1}},"line":19}},"branchMap":{},"s":{"0":1,"1":2,"2":2,"3":2,"4":1,"5":1},"f":{"0":2},"b":{},"_coverageSchema":"1a1c01bbd47fc00a2c39e90264f33305004495a9","hash":"64f7dc69f821b83ffb21bd146a594cbdeae3400a"}
,"E:\\project\\js\\TestProject\\src\\components\\Typography\\Typography.jsx": {"path":"E:\\project\\js\\TestProject\\src\\components\\Typography\\Typography.jsx","statementMap":{"0":{"start":{"line":7,"column":17},"end":{"line":10,"column":1}},"1":{"start":{"line":12,"column":19},"end":{"line":29,"column":1}},"2":{"start":{"line":18,"column":18},"end":{"line":18,"column":58}},"3":{"start":{"line":19,"column":20},"end":{"line":19,"column":37}},"4":{"start":{"line":21,"column":2},"end":{"line":28,"column":4}},"5":{"start":{"line":31,"column":0},"end":{"line":36,"column":2}},"6":{"start":{"line":38,"column":0},"end":{"line":40,"column":2}}},"fnMap":{"0":{"name":"(anonymous_0)","decl":{"start":{"line":12,"column":19},"end":{"line":12,"column":20}},"loc":{"start":{"line":17,"column":6},"end":{"line":29,"column":1}},"line":17}},"branchMap":{},"s":{"0":5,"1":5,"2":5,"3":5,"4":5,"5":5,"6":5},"f":{"0":5},"b":{},"_coverageSchema":"1a1c01bbd47fc00a2c39e90264f33305004495a9","hash":"ac1f23a8279fc594e0700b300347162cf1628f34"}
,"E:\\project\\js\\TestProject\\src\\components\\Typography\\index.js": {"path":"E:\\project\\js\\TestProject\\src\\components\\Typography\\index.js","statementMap":{},"fnMap":{},"branchMap":{},"s":{},"f":{},"b":{},"_coverageSchema":"1a1c01bbd47fc00a2c39e90264f33305004495a9","hash":"a4ad22fa690c1993d87281ac5ca28e5f363fd09d"}
,"E:\\project\\js\\TestProject\\src\\components\\VoteCount\\VoteCount.jsx": {"path":"E:\\project\\js\\TestProject\\src\\components\\VoteCount\\VoteCount.jsx","statementMap":{"0":{"start":{"line":7,"column":18},"end":{"line":21,"column":1}},"1":{"start":{"line":11,"column":18},"end":{"line":11,"column":57}},"2":{"start":{"line":12,"column":22},"end":{"line":12,"column":56}},"3":{"start":{"line":14,"column":2},"end":{"line":20,"column":4}},"4":{"start":{"line":23,"column":0},"end":{"line":26,"column":2}},"5":{"start":{"line":28,"column":0},"end":{"line":28,"column":28}}},"fnMap":{"0":{"name":"(anonymous_0)","decl":{"start":{"line":7,"column":18},"end":{"line":7,"column":19}},"loc":{"start":{"line":10,"column":6},"end":{"line":21,"column":1}},"line":10}},"branchMap":{},"s":{"0":3,"1":1,"2":1,"3":1,"4":3,"5":3},"f":{"0":1},"b":{},"_coverageSchema":"1a1c01bbd47fc00a2c39e90264f33305004495a9","hash":"6d50e8a52e5cbc56025c31f5f858b9dc243eeb61"}
,"E:\\project\\js\\TestProject\\src\\components\\VoteCount\\index.js": {"path":"E:\\project\\js\\TestProject\\src\\components\\VoteCount\\index.js","statementMap":{},"fnMap":{},"branchMap":{},"s":{},"f":{},"b":{},"_coverageSchema":"1a1c01bbd47fc00a2c39e90264f33305004495a9","hash":"26e7658165b35984cd2f280ee0f8ced2a8d0fac2"}
,"E:\\project\\js\\TestProject\\src\\constants\\actionTypes.js": {"path":"E:\\project\\js\\TestProject\\src\\constants\\actionTypes.js","statementMap":{"0":{"start":{"line":1,"column":28},"end":{"line":1,"column":42}},"1":{"start":{"line":2,"column":26},"end":{"line":2,"column":38}},"2":{"start":{"line":3,"column":26},"end":{"line":3,"column":38}},"3":{"start":{"line":4,"column":27},"end":{"line":4,"column":40}},"4":{"start":{"line":5,"column":26},"end":{"line":5,"column":38}}},"fnMap":{},"branchMap":{},"s":{"0":3,"1":3,"2":3,"3":3,"4":3},"f":{},"b":{},"_coverageSchema":"1a1c01bbd47fc00a2c39e90264f33305004495a9","hash":"9f0bf8d69d8c9978c763f3a61ba574784ca58016"}
,"E:\\project\\js\\TestProject\\src\\constants\\imagePath.js": {"path":"E:\\project\\js\\TestProject\\src\\constants\\imagePath.js","statementMap":{"0":{"start":{"line":1,"column":18},"end":{"line":1,"column":51}}},"fnMap":{},"branchMap":{},"s":{"0":1},"f":{},"b":{},"_coverageSchema":"1a1c01bbd47fc00a2c39e90264f33305004495a9","hash":"460a22d309327906548f6626e76219246b8f2817"}
,"E:\\project\\js\\TestProject\\src\\store\\reducers\\films.js": {"path":"E:\\project\\js\\TestProject\\src\\store\\reducers\\films.js","statementMap":{"0":{"start":{"line":3,"column":28},"end":{"line":7,"column":1}},"1":{"start":{"line":9,"column":14},"end":{"line":41,"column":1}},"2":{"start":{"line":10,"column":34},"end":{"line":10,"column":40}},"3":{"start":{"line":12,"column":2},"end":{"line":40,"column":3}},"4":{"start":{"line":14,"column":6},"end":{"line":17,"column":8}},"5":{"start":{"line":19,"column":6},"end":{"line":31,"column":8}},"6":{"start":{"line":21,"column":55},"end":{"line":29,"column":9}},"7":{"start":{"line":33,"column":6},"end":{"line":37,"column":8}},"8":{"start":{"line":39,"column":6},"end":{"line":39,"column":19}}},"fnMap":{"0":{"name":"(anonymous_0)","decl":{"start":{"line":9,"column":14},"end":{"line":9,"column":15}},"loc":{"start":{"line":9,"column":48},"end":{"line":41,"column":1}},"line":9},"1":{"name":"(anonymous_1)","decl":{"start":{"line":21,"column":44},"end":{"line":21,"column":45}},"loc":{"start":{"line":21,"column":55},"end":{"line":29,"column":9}},"line":21}},"branchMap":{"0":{"loc":{"start":{"line":9,"column":15},"end":{"line":9,"column":35}},"type":"default-arg","locations":[{"start":{"line":9,"column":23},"end":{"line":9,"column":35}}],"line":9},"1":{"loc":{"start":{"line":12,"column":2},"end":{"line":40,"column":3}},"type":"switch","locations":[{"start":{"line":13,"column":4},"end":{"line":17,"column":8}},{"start":{"line":18,"column":4},"end":{"line":31,"column":8}},{"start":{"line":32,"column":4},"end":{"line":37,"column":8}},{"start":{"line":38,"column":4},"end":{"line":39,"column":19}}],"line":12}},"s":{"0":1,"1":1,"2":4,"3":4,"4":1,"5":1,"6":3,"7":1,"8":1},"f":{"0":4,"1":3},"b":{"0":[0],"1":[1,1,1,1]},"_coverageSchema":"1a1c01bbd47fc00a2c39e90264f33305004495a9","hash":"f300be01bb5d5d9e18c67504547910d037c5b501"}
,"E:\\project\\js\\TestProject\\src\\store\\reducers\\genres.js": {"path":"E:\\project\\js\\TestProject\\src\\store\\reducers\\genres.js","statementMap":{"0":{"start":{"line":3,"column":28},"end":{"line":5,"column":1}},"1":{"start":{"line":7,"column":15},"end":{"line":18,"column":1}},"2":{"start":{"line":8,"column":25},"end":{"line":8,"column":31}},"3":{"start":{"line":9,"column":2},"end":{"line":17,"column":3}},"4":{"start":{"line":11,"column":6},"end":{"line":14,"column":8}},"5":{"start":{"line":16,"column":6},"end":{"line":16,"column":19}}},"fnMap":{"0":{"name":"(anonymous_0)","decl":{"start":{"line":7,"column":15},"end":{"line":7,"column":16}},"loc":{"start":{"line":7,"column":49},"end":{"line":18,"column":1}},"line":7}},"branchMap":{"0":{"loc":{"start":{"line":7,"column":16},"end":{"line":7,"column":36}},"type":"default-arg","locations":[{"start":{"line":7,"column":24},"end":{"line":7,"column":36}}],"line":7},"1":{"loc":{"start":{"line":9,"column":2},"end":{"line":17,"column":3}},"type":"switch","locations":[{"start":{"line":10,"column":4},"end":{"line":14,"column":8}},{"start":{"line":15,"column":4},"end":{"line":16,"column":19}}],"line":9}},"s":{"0":1,"1":1,"2":2,"3":2,"4":1,"5":1},"f":{"0":2},"b":{"0":[0],"1":[1,1]},"_coverageSchema":"1a1c01bbd47fc00a2c39e90264f33305004495a9","hash":"fb6cf08f68b57af2bbda40acb55e317d7169c721"}
,"E:\\project\\js\\TestProject\\src\\store\\reducers\\video.js": {"path":"E:\\project\\js\\TestProject\\src\\store\\reducers\\video.js","statementMap":{"0":{"start":{"line":3,"column":28},"end":{"line":5,"column":1}},"1":{"start":{"line":7,"column":15},"end":{"line":18,"column":1}},"2":{"start":{"line":8,"column":25},"end":{"line":8,"column":31}},"3":{"start":{"line":9,"column":2},"end":{"line":17,"column":3}},"4":{"start":{"line":11,"column":6},"end":{"line":14,"column":8}},"5":{"start":{"line":16,"column":6},"end":{"line":16,"column":19}}},"fnMap":{"0":{"name":"(anonymous_0)","decl":{"start":{"line":7,"column":15},"end":{"line":7,"column":16}},"loc":{"start":{"line":7,"column":49},"end":{"line":18,"column":1}},"line":7}},"branchMap":{"0":{"loc":{"start":{"line":7,"column":16},"end":{"line":7,"column":36}},"type":"default-arg","locations":[{"start":{"line":7,"column":24},"end":{"line":7,"column":36}}],"line":7},"1":{"loc":{"start":{"line":9,"column":2},"end":{"line":17,"column":3}},"type":"switch","locations":[{"start":{"line":10,"column":4},"end":{"line":14,"column":8}},{"start":{"line":15,"column":4},"end":{"line":16,"column":19}}],"line":9}},"s":{"0":1,"1":1,"2":2,"3":2,"4":1,"5":1},"f":{"0":2},"b":{"0":[0],"1":[1,1]},"_coverageSchema":"1a1c01bbd47fc00a2c39e90264f33305004495a9","hash":"8baa3700f02fc292e5230cd24b746535f0bd174b"}
,"E:\\project\\js\\TestProject\\src\\utils\\getTimeFromMin.js": {"path":"E:\\project\\js\\TestProject\\src\\utils\\getTimeFromMin.js","statementMap":{"0":{"start":{"line":2,"column":16},"end":{"line":2,"column":36}},"1":{"start":{"line":3,"column":18},"end":{"line":3,"column":26}},"2":{"start":{"line":4,"column":2},"end":{"line":7,"column":4}}},"fnMap":{"0":{"name":"(anonymous_0)","decl":{"start":{"line":1,"column":15},"end":{"line":1,"column":16}},"loc":{"start":{"line":1,"column":24},"end":{"line":8,"column":1}},"line":1}},"branchMap":{},"s":{"0":2,"1":2,"2":2},"f":{"0":2},"b":{},"_coverageSchema":"1a1c01bbd47fc00a2c39e90264f33305004495a9","hash":"6462cecede8eaef03b14f612c7db38dbee0bd282"}
}
