TN:
SF:src\assets\icons\arrow.svg
FN:3,SvgArrow
FNF:1
FNH:0
FNDA:0,SvgArrow
DA:2,1
DA:4,0
DA:9,1
LF:3
LH:2
BRF:0
BRH:0
end_of_record
TN:
SF:src\assets\icons\cross.svg
FN:3,SvgCross
FNF:1
FNH:1
FNDA:1,SvgCross
DA:2,1
DA:4,1
DA:9,1
LF:3
LH:3
BRF:0
BRH:0
end_of_record
TN:
SF:src\assets\icons\grid.svg
FN:3,SvgGrid
FNF:1
FNH:0
FNDA:0,SvgGrid
DA:2,1
DA:4,0
DA:9,1
LF:3
LH:2
BRF:0
BRH:0
end_of_record
TN:
SF:src\assets\icons\list.svg
FN:3,SvgList
FNF:1
FNH:0
FNDA:0,SvgList
DA:2,1
DA:4,0
DA:9,1
LF:3
LH:2
BRF:0
BRH:0
end_of_record
TN:
SF:src\assets\icons\play.svg
FN:3,SvgPlay
FNF:1
FNH:0
FNDA:0,SvgPlay
DA:2,1
DA:4,0
DA:9,1
LF:3
LH:2
BRF:0
BRH:0
end_of_record
TN:
SF:src\assets\icons\star.svg
FN:3,SvgStar
FNF:1
FNH:1
FNDA:1,SvgStar
DA:2,1
DA:4,1
DA:9,1
LF:3
LH:3
BRF:0
BRH:0
end_of_record
TN:
SF:src\components\BarItem\BarItem.jsx
FN:5,(anonymous_0)
FN:23,(anonymous_1)
FNF:2
FNH:0
FNDA:0,(anonymous_0)
FNDA:0,(anonymous_1)
DA:5,1
DA:12,0
DA:14,0
DA:23,0
DA:32,1
DA:37,1
LF:6
LH:3
BRF:0
BRH:0
end_of_record
TN:
SF:src\components\BarItem\index.js
FNF:0
FNH:0
LF:0
LH:0
BRF:0
BRH:0
end_of_record
TN:
SF:src\components\Button\Button.jsx
FN:7,(anonymous_0)
FNF:1
FNH:1
FNDA:2,(anonymous_0)
DA:7,2
DA:15,2
DA:22,2
DA:33,2
DA:41,2
LF:5
LH:5
BRF:0
BRH:0
end_of_record
TN:
SF:src\components\Button\index.js
FNF:0
FNH:0
LF:0
LH:0
BRF:0
BRH:0
end_of_record
TN:
SF:src\components\Genres\Genres.jsx
FN:8,(anonymous_0)
FN:16,(anonymous_1)
FNF:2
FNH:0
FNDA:0,(anonymous_0)
FNDA:0,(anonymous_1)
DA:8,1
DA:11,0
DA:17,0
DA:28,1
DA:32,1
LF:5
LH:3
BRF:0
BRH:0
end_of_record
TN:
SF:src\components\Genres\index.js
FNF:0
FNH:0
LF:0
LH:0
BRF:0
BRH:0
end_of_record
TN:
SF:src\components\Icon\Icon.jsx
FN:23,(anonymous_0)
FNF:1
FNH:1
FNDA:2,(anonymous_0)
DA:14,1
DA:23,1
DA:29,2
DA:30,2
DA:32,2
DA:41,1
DA:47,1
LF:7
LH:7
BRF:0
BRH:0
end_of_record
TN:
SF:src\components\Image\Image.jsx
FN:7,(anonymous_0)
FNF:1
FNH:1
FNDA:2,(anonymous_0)
DA:7,1
DA:11,2
DA:13,2
DA:21,1
DA:26,1
LF:5
LH:5
BRF:0
BRH:0
end_of_record
TN:
SF:src\components\Input\Input.jsx
FN:7,(anonymous_0)
FNF:1
FNH:1
FNDA:3,(anonymous_0)
DA:7,2
DA:13,3
DA:15,3
DA:25,2
DA:32,2
LF:5
LH:5
BRF:0
BRH:0
end_of_record
TN:
SF:src\components\Input\index.js
FNF:0
FNH:0
LF:0
LH:0
BRF:0
BRH:0
end_of_record
TN:
SF:src\components\List\List.jsx
FN:7,(anonymous_0)
FN:20,(anonymous_1)
FNF:2
FNH:2
FNDA:2,(anonymous_0)
FNDA:2,(anonymous_1)
DA:7,2
DA:15,2
DA:16,2
DA:18,2
DA:21,2
DA:23,2
DA:36,2
DA:49,2
LF:8
LH:8
BRDA:16,0,0,1
BRDA:16,0,1,1
BRDA:25,1,0,2
BRDA:25,1,1,1
BRF:4
BRH:4
end_of_record
TN:
SF:src\components\List\index.js
FNF:0
FNH:0
LF:0
LH:0
BRF:0
BRH:0
end_of_record
TN:
SF:src\components\Rating\Rating.jsx
FN:7,(anonymous_0)
FN:12,(anonymous_1)
FN:12,(anonymous_2)
FNF:3
FNH:0
FNDA:0,(anonymous_0)
FNDA:0,(anonymous_1)
FNDA:0,(anonymous_2)
DA:7,1
DA:11,0
DA:12,0
DA:13,0
DA:20,0
DA:32,1
DA:37,1
LF:7
LH:3
BRF:0
BRH:0
end_of_record
TN:
SF:src\components\Rating\index.js
FNF:0
FNH:0
LF:0
LH:0
BRF:0
BRH:0
end_of_record
TN:
SF:src\components\Slide\Slide.jsx
FN:11,(anonymous_0)
FNF:1
FNH:1
FNDA:2,(anonymous_0)
DA:11,1
DA:20,2
DA:21,2
DA:23,2
DA:55,1
DA:65,1
LF:6
LH:6
BRF:0
BRH:0
end_of_record
TN:
SF:src\components\Typography\Typography.jsx
FN:12,(anonymous_0)
FNF:1
FNH:0
FNDA:0,(anonymous_0)
DA:7,1
DA:12,1
DA:18,0
DA:19,0
DA:21,0
DA:31,1
DA:38,1
LF:7
LH:4
BRF:0
BRH:0
end_of_record
TN:
SF:src\components\Typography\index.js
FNF:0
FNH:0
LF:0
LH:0
BRF:0
BRH:0
end_of_record
TN:
SF:src\components\VoteCount\VoteCount.jsx
FN:7,(anonymous_0)
FNF:1
FNH:0
FNDA:0,(anonymous_0)
DA:7,1
DA:11,0
DA:12,0
DA:13,0
DA:22,1
DA:27,1
LF:6
LH:3
BRF:0
BRH:0
end_of_record
TN:
SF:src\components\VoteCount\index.js
FNF:0
FNH:0
LF:0
LH:0
BRF:0
BRH:0
end_of_record
TN:
SF:src\constants\imagePath.js
FNF:0
FNH:0
DA:1,1
LF:1
LH:1
BRF:0
BRH:0
end_of_record
TN:
SF:src\utils\getTimeFromMin.js
FN:1,(anonymous_0)
FNF:1
FNH:1
FNDA:2,(anonymous_0)
DA:2,2
DA:3,2
DA:4,2
LF:3
LH:3
BRF:0
BRH:0
end_of_record
